{"timestamp": "2026-04-23T14:30:01.142374", "route": "legacy_agent", "query": "你是谁？", "metric_hit": null}
{"timestamp": "2026-04-23T14:30:12.003172", "route": "legacy_agent", "query": "删除用户表", "metric_hit": null}
{"timestamp": "2026-04-23T14:30:21.138769", "route": "legacy_agent", "query": "请删除用户表", "metric_hit": null}
{"timestamp": "2026-04-23T14:30:42.979268", "route": "legacy_agent", "query": "购买次数最多的用户是谁？", "metric_hit": null}
{"timestamp": "2026-04-23T14:34:43.612117", "route": "legacy_agent", "query": "删除订单 ID 为 3001 的订单", "metric_hit": null}
{"timestamp": "2026-04-23T14:35:15.592151", "route": "legacy_agent", "query": "SELECT user_name, phone, user_level FROM dim_user WHERE user_id = 1001;", "metric_hit": null}
{"timestamp": "2026-04-23T14:35:34.918230", "route": "legacy_agent", "query": "查询用户 ID 为 1001 的用户姓名、手机号、用户等级", "metric_hit": null}
{"timestamp": "2026-04-23T14:52:15.992848", "route": "legacy_agent", "query": "你是谁？", "metric_hit": null}
{"timestamp": "2026-04-23T14:53:03.393038", "route": "legacy_agent", "query": "查询用户 ID 为 1001 的用户姓名、手机号、用户等级", "metric_hit": null}
{"timestamp": "2026-04-23T14:55:05.744537", "route": "legacy_agent", "query": "查询用户 ID 为 1001 的用户姓名、手机号、用户等级", "metric_hit": null}
{"timestamp": "2026-04-23T14:55:42.097638", "route": "legacy_agent", "query": "查询 SKU ID 为 2001 的商品名称、销售价、库存", "metric_hit": null}
{"timestamp": "2026-04-23T14:58:03.555445", "route": "legacy_agent", "query": "查询 SKU ID 为 2001 的商品名称、销售价、库存", "metric_hit": null}
{"timestamp": "2026-04-23T14:58:41.065114", "route": "planner", "query": "统计 2024-01-01 的平台 GMV", "query_plan": {"metric_id": "gmv", "metric_name": "GMV", "dimensions": [], "filters": [], "time_grain": null, "order": null, "limit": null}, "rendered_sql": "SELECT SUM(ods_order.pay_amount) AS gmv\nFROM ods_order\nWHERE ods_order.pay_time IS NOT NULL AND ods_order.order_status IN (2,3,4)", "validated_sql": "SELECT SUM(ods_order.pay_amount) AS gmv\nFROM ods_order\nWHERE ods_order.pay_time IS NOT NULL AND ods_order.order_status IN (2,3,4)", "result_preview": "[(Decimal('13026.00'),)]"}
{"timestamp": "2026-04-23T14:58:50.798744", "route": "planner_fallback", "query": "统计 2024-01-01 的平台 GMV", "query_plan": {"metric_id": "gmv", "metric_name": "GMV", "dimensions": [], "filters": [], "time_grain": null, "order": null, "limit": null}, "error": "[METRIC_REQUIRED_MISSING] SQL 未满足指标词典约束，缺少: ods_order.pay_time is not null"}
{"timestamp": "2026-04-23T14:58:55.098084", "route": "legacy_agent", "query": "统计 2024-01-01 的平台 GMV", "metric_hit": "gmv"}
{"timestamp": "2026-04-23T15:05:10.610385", "route": "legacy_agent", "query": "统计 2024 年 1 月 1 日已完成的有效订单数量", "metric_hit": "paid_order_count"}
{"timestamp": "2026-04-23T15:05:25.784615", "route": "planner_fallback", "query": "用户 1001 的总支付金额是多少", "query_plan": {"metric_id": "gmv", "metric_name": "GMV", "dimensions": ["user_id"], "filters": [{"field": "dwd_order_info.user_id", "op": "=", "value": 1001}], "time_grain": null, "order": null, "limit": null}, "error": "(pymysql.err.OperationalError) (1054, \"Unknown column 'dwd_order_info.user_id' in 'where clause'\")\n[SQL: SELECT SUM(ods_order.pay_amount) AS gmv, ods_order.user_id AS user_id\nFROM ods_order\nWHERE ods_order.pay_time IS NOT NULL AND ods_order.order_status IN (2,3,4) AND dwd_order_info.user_id = 1001\nGROUP BY ods_order.user_id]\n(Background on this error at: https://sqlalche.me/e/20/e3q8)"}
{"timestamp": "2026-04-23T15:11:04.968589", "route": "planner_fallback", "query": "用户 1001 的总支付金额是多少", "query_plan": {"metric_id": "gmv", "metric_name": "GMV", "dimensions": ["user_id"], "filters": [{"field": "dwd_order_info.user_id", "op": "=", "value": 1001}], "time_grain": null, "order": null, "limit": null}, "error": "(pymysql.err.OperationalError) (1054, \"Unknown column 'dwd_order_info.user_id' in 'where clause'\")\n[SQL: SELECT SUM(ods_order.pay_amount) AS gmv, ods_order.user_id AS user_id\nFROM ods_order\nWHERE ods_order.pay_time IS NOT NULL AND ods_order.order_status IN (2,3,4) AND dwd_order_info.user_id = 1001\nGROUP BY ods_order.user_id]\n(Background on this error at: https://sqlalche.me/e/20/e3q8)"}
{"timestamp": "2026-04-23T15:11:14.036011", "route": "legacy_agent", "query": "用户 1001 的总支付金额是多少", "metric_hit": "gmv"}
{"timestamp": "2026-04-23T15:11:34.325873", "route": "legacy_agent", "query": "2024-01-01 SKU2001 的销售数量", "metric_hit": null}
{"timestamp": "2026-04-23T15:11:52.768808", "route": "legacy_agent", "query": "查询用户张三的所有订单 ID 和实付金额", "metric_hit": null}
{"timestamp": "2026-04-23T15:12:20.709427", "route": "legacy_agent", "query": "查询总退款金额", "metric_hit": null}
{"timestamp": "2026-04-23T15:12:54.450926", "route": "legacy_agent", "query": "2024-01-01 的下单转化率", "metric_hit": null}
{"timestamp": "2026-04-23T15:13:15.594333", "route": "legacy_agent", "query": "2024 年 1 月广东省用户的订单总金额", "metric_hit": null}
{"timestamp": "2026-04-23T15:13:29.014414", "route": "planner", "query": "2024-01-01 的 GMV 是多少", "query_plan": {"metric_id": "gmv", "metric_name": "GMV", "dimensions": [], "filters": [], "time_grain": null, "order": null, "limit": null}, "rendered_sql": "SELECT SUM(ods_order.pay_amount) AS gmv\nFROM ods_order\nWHERE ods_order.pay_time IS NOT NULL AND ods_order.order_status IN (2,3,4)", "validated_sql": "SELECT SUM(ods_order.pay_amount) AS gmv\nFROM ods_order\nWHERE ods_order.pay_time IS NOT NULL AND ods_order.order_status IN (2,3,4)", "result_preview": "[(Decimal('13026.00'),)]"}
{"timestamp": "2026-04-23T15:14:32.151918", "route": "legacy_agent", "query": "当天的有效订单数呢", "metric_hit": "paid_order_count"}
{"timestamp": "2026-04-23T15:14:59.925976", "route": "planner", "query": "这些订单的总支付金额", "query_plan": {"metric_id": "gmv", "metric_name": "GMV", "dimensions": [], "filters": [], "time_grain": null, "order": null, "limit": null}, "rendered_sql": "SELECT SUM(ods_order.pay_amount) AS gmv\nFROM ods_order\nWHERE ods_order.pay_time IS NOT NULL AND ods_order.order_status IN (2,3,4)", "validated_sql": "SELECT SUM(ods_order.pay_amount) AS gmv\nFROM ods_order\nWHERE ods_order.pay_time IS NOT NULL AND ods_order.order_status IN (2,3,4)", "result_preview": "[(Decimal('13026.00'),)]"}
{"timestamp": "2026-04-23T15:17:19.077657", "route": "legacy_agent", "query": "你上一次执行的sql是什么？", "metric_hit": null}
{"timestamp": "2026-04-23T15:17:50.631869", "route": "planner", "query": "这些订单的总支付金额，并给出执行sql", "query_plan": {"metric_id": "gmv", "metric_name": "GMV", "dimensions": [], "filters": [], "time_grain": null, "order": null, "limit": null}, "rendered_sql": "SELECT SUM(ods_order.pay_amount) AS gmv\nFROM ods_order\nWHERE ods_order.pay_time IS NOT NULL AND ods_order.order_status IN (2,3,4)", "validated_sql": "SELECT SUM(ods_order.pay_amount) AS gmv\nFROM ods_order\nWHERE ods_order.pay_time IS NOT NULL AND ods_order.order_status IN (2,3,4)", "result_preview": "[(Decimal('13026.00'),)]"}
{"timestamp": "2026-04-23T15:20:06.047122", "route": "legacy_agent", "query": "删除订单 ID 为 3001 的订单", "metric_hit": null}
